{"level":"info","message":"CSV File Loaded","timestamp":"2016-01-27T03:21:11.645Z"}
{"level":"error","message":"","timestamp":"2016-01-27T03:21:11.647Z"}
{"level":"info","message":"CSV File Loaded","timestamp":"2016-01-27T03:21:47.736Z"}
{"level":"error","message":"No Error","timestamp":"2016-01-27T03:21:47.737Z"}
{"level":"info","message":"csv file loaded","timestamp":"2016-01-27T03:22:47.227Z"}
{"level":"error","message":"none","timestamp":"2016-01-27T03:22:47.229Z"}
{"level":"info","message":"csv file loaded","timestamp":"2016-01-27T07:23:59.897Z"}
{"level":"error","message":"none","timestamp":"2016-01-27T07:23:59.899Z"}
{"level":"info","message":"csv file loaded","timestamp":"2016-01-27T07:24:57.750Z"}
{"level":"error","message":"none","timestamp":"2016-01-27T07:24:57.751Z"}
{"level":"info","message":"csv file loaded","timestamp":"2016-01-27T07:27:00.725Z"}
{"level":"error","message":"none","timestamp":"2016-01-27T07:27:00.727Z"}
{"level":"info","message":"csv file loaded","timestamp":"2016-01-27T07:27:21.200Z"}
{"level":"error","message":"none","timestamp":"2016-01-27T07:27:21.201Z"}
{"level":"info","message":"csv file loaded","timestamp":"2016-01-27T07:28:35.210Z"}
{"level":"error","message":"none","timestamp":"2016-01-27T07:28:35.211Z"}
{"level":"info","message":"csv file loaded","timestamp":"2016-01-27T07:29:55.338Z"}
{"level":"error","message":"none","timestamp":"2016-01-27T07:29:55.339Z"}
{"level":"info","message":"csv file loaded","timestamp":"2016-01-27T07:33:27.970Z"}
{"level":"error","message":"none","timestamp":"2016-01-27T07:33:27.971Z"}
{"level":"info","message":"csv file loaded","timestamp":"2016-01-27T07:33:59.021Z"}
{"level":"error","message":"none","timestamp":"2016-01-27T07:33:59.023Z"}
{"level":"info","message":"csv file loaded","timestamp":"2016-01-27T07:34:44.955Z"}
{"level":"error","message":"none","timestamp":"2016-01-27T07:34:44.957Z"}
{"level":"info","message":"csv file loaded","timestamp":"2016-01-27T07:35:58.664Z"}
{"level":"error","message":"none","timestamp":"2016-01-27T07:35:58.665Z"}
{"level":"info","message":"csv file loaded","timestamp":"2016-01-27T07:39:16.712Z"}
{"level":"error","message":"none","timestamp":"2016-01-27T07:39:16.714Z"}
{"level":"info","message":"csv file loaded","timestamp":"2016-01-27T07:40:15.775Z"}
{"level":"error","message":"none","timestamp":"2016-01-27T07:40:15.776Z"}
{"level":"info","message":"csv file loaded","timestamp":"2016-01-27T07:40:59.153Z"}
{"level":"error","message":"none","timestamp":"2016-01-27T07:40:59.154Z"}
{"level":"info","message":"csv file loaded","timestamp":"2016-01-27T07:44:09.297Z"}
{"level":"error","message":"none","timestamp":"2016-01-27T07:44:09.299Z"}
{"level":"info","message":"csv file loaded","timestamp":"2016-01-27T07:49:39.067Z"}
{"level":"error","message":"none","timestamp":"2016-01-27T07:49:39.068Z"}
{"level":"info","message":"csv file loaded","timestamp":"2016-01-27T07:51:17.139Z"}
{"level":"error","message":"none","timestamp":"2016-01-27T07:51:17.140Z"}
{"level":"info","message":"csv file loaded","timestamp":"2016-01-27T07:54:15.369Z"}
{"level":"error","message":"none","timestamp":"2016-01-27T07:54:15.370Z"}
{"level":"info","message":"csv file loaded","timestamp":"2016-01-27T07:55:53.976Z"}
{"level":"error","message":"none","timestamp":"2016-01-27T07:55:53.977Z"}
{"level":"info","message":"csv file loaded","timestamp":"2016-01-27T07:56:30.987Z"}
{"level":"error","message":"none","timestamp":"2016-01-27T07:56:30.989Z"}
{"level":"info","message":"csv file loaded","timestamp":"2016-01-27T07:58:01.565Z"}
{"level":"error","message":"none","timestamp":"2016-01-27T07:58:01.566Z"}
{"level":"info","message":"csv file loaded","timestamp":"2016-01-27T07:58:33.717Z"}
{"level":"error","message":"none","timestamp":"2016-01-27T07:58:33.718Z"}
